<?xml version="1.0" encoding="UTF-8"?>
<!-- Generated by org.testng.reporters.JUnitReportReporter -->
<testsuite skipped="0" hostname="megha-PC" name="com.demo1.TestAnnotations" tests="4" failures="0" timestamp="23 Mar 2020 18:49:52 GMT" time="0.016" errors="0">
  <testcase name="Test1" time="0.007" classname="com.demo1.TestAnnotations"/>
  <testcase name="Test2" time="0.002" classname="com.demo1.TestAnnotations"/>
  <testcase name="Test1" time="0.005" classname="com.demo1.TestAnnotations"/>
  <testcase name="Test2" time="0.002" classname="com.demo1.TestAnnotations"/>
</testsuite> <!-- com.demo1.TestAnnotations -->
