<?xml version="1.0" encoding="UTF-8"?>
<!-- Generated by org.testng.reporters.JUnitReportReporter -->
<testsuite skipped="0" hostname="megha-PC" name="com.demo1.TestAnnotationsClass2" tests="3" failures="0" timestamp="23 Mar 2020 18:49:52 GMT" time="0.007" errors="0">
  <testcase name="Test3" time="0.005" classname="com.demo1.TestAnnotationsClass2"/>
  <testcase name="Test4" time="0.001" classname="com.demo1.TestAnnotationsClass2"/>
  <testcase name="Test5" time="0.001" classname="com.demo1.TestAnnotationsClass2"/>
</testsuite> <!-- com.demo1.TestAnnotationsClass2 -->
