<?xml version="1.0" encoding="UTF-8"?>
<!-- Generated by org.testng.reporters.JUnitReportReporter -->
<testsuite hostname="INAIRLT541053" failures="0" tests="3" name="com.demo.TestNavCrossBrowser" time="99.067" errors="0" timestamp="02 Nov 2020 13:57:07 GMT" skipped="0">
  <testcase classname="com.demo.TestNavCrossBrowser" name="launchDriver" time="76.946"/>
  <testcase classname="com.demo.TestNavCrossBrowser" name="launchDriver" time="12.191"/>
  <testcase classname="com.demo.TestNavCrossBrowser" name="launchDriver" time="9.930"/>
</testsuite> <!-- com.demo.TestNavCrossBrowser -->
