<?xml version="1.0" encoding="UTF-8"?>
<!-- Generated by org.testng.reporters.JUnitReportReporter -->
<testsuite hostname="INAIRLT541053" failures="0" tests="1" name="com.demo.ReadData" time="0.693" errors="0" timestamp="02 Jan 2021 12:12:56 GMT" skipped="0">
  <testcase classname="com.demo.ReadData" name="readExcelData" time="0.693"/>
</testsuite> <!-- com.demo.ReadData -->
