<?xml version="1.0" encoding="UTF-8"?>
<!-- Generated by org.testng.reporters.JUnitReportReporter -->
<testsuite hostname="INAIRLT541053" failures="0" tests="1" name="com.demo.Question1ReadData" time="0.563" errors="0" timestamp="02 Jan 2021 17:37:27 GMT" skipped="0">
  <testcase classname="com.demo.Question1ReadData" name="readExcelData" time="0.563"/>
</testsuite> <!-- com.demo.Question1ReadData -->
