<?xml version="1.0" encoding="UTF-8"?>
<!-- Generated by org.testng.reporters.JUnitReportReporter -->
<testsuite hostname="INAIRLT541053" failures="0" tests="1" name="com.demo.Question3WriteData" time="7.530" errors="0" timestamp="02 Jan 2021 17:40:47 GMT" skipped="0">
  <testcase classname="com.demo.Question3WriteData" name="writeData" time="7.530"/>
</testsuite> <!-- com.demo.Question3WriteData -->
