<?xml version="1.0" encoding="UTF-8"?>
<!-- Generated by org.testng.reporters.JUnitReportReporter -->
<testsuite hostname="INAIRLT541053" failures="0" tests="1" name="com.demo.Question2WriteData" time="12.989" errors="0" timestamp="02 Jan 2021 17:36:11 GMT" skipped="0">
  <testcase classname="com.demo.Question2WriteData" name="readExcelData" time="12.989"/>
</testsuite> <!-- com.demo.Question2WriteData -->
