<?xml version="1.0" encoding="UTF-8"?>
<!-- Generated by org.testng.reporters.JUnitXMLReporter -->
<testsuite ignored="0" hostname="INAIRLT541053" failures="0" tests="1" name="Test-chrome" time="13.592" errors="0" timestamp="01 Nov 2020 16:46:23 GMT">
  <testcase classname="com.demo.Crossbrowser" name="launchDriver" time="13.544"/>
</testsuite> <!-- Test-chrome -->
