<?xml version="1.0" encoding="UTF-8"?>
<!-- Generated by org.testng.reporters.JUnitXMLReporter -->
<testsuite ignored="0" hostname="INAIRLT541053" failures="0" tests="1" name="Test-edge" time="9.852" errors="0" timestamp="01 Nov 2020 16:46:20 GMT">
  <testcase classname="com.demo.Crossbrowser" name="launchDriver" time="9.819"/>
</testsuite> <!-- Test-edge -->
