<?xml version="1.0" encoding="UTF-8"?>
<!-- Generated by org.testng.reporters.JUnitReportReporter -->
<testsuite hostname="INAIRLT541053" failures="0" tests="1" name="com.demo.DemoListener" time="11.750" errors="0" timestamp="25 Dec 2020 06:27:38 GMT" skipped="0">
  <testcase classname="com.demo.DemoListener" name="openBrowser" time="11.750"/>
</testsuite> <!-- com.demo.DemoListener -->
