<?xml version="1.0" encoding="UTF-8"?>
<!-- Generated by org.testng.reporters.JUnitReportReporter -->
<testsuite hostname="INAIRLT541053" failures="0" tests="1" name="com.demo.DesiredCapabilitesChromeOptionsDemo" time="10.464" errors="0" timestamp="30 Dec 2020 19:16:16 GMT" skipped="0">
  <testcase classname="com.demo.DesiredCapabilitesChromeOptionsDemo" name="executeMethod" time="10.464"/>
</testsuite> <!-- com.demo.DesiredCapabilitesChromeOptionsDemo -->
