<?xml version="1.0" encoding="UTF-8"?>
<!-- Generated by org.testng.reporters.JUnitReportReporter -->
<testsuite hostname="INAIRLT541053" failures="0" tests="1" name="com.demo.ExtentReportsDemo" time="0.481" errors="0" timestamp="06 Jan 2021 21:12:56 GMT" skipped="0">
  <testcase classname="com.demo.ExtentReportsDemo" name="loginTest" time="0.481"/>
</testsuite> <!-- com.demo.ExtentReportsDemo -->
