<?xml version="1.0" encoding="UTF-8"?>
<!-- Generated by org.testng.reporters.JUnitReportReporter -->
<testsuite skipped="6" hostname="megha-PC" name="com.demo.TheInternetTesting" tests="7" failures="0" timestamp="11 May 2020 20:21:01 GMT" time="4.976" errors="0">
  <testcase name="basicAuth" time="4.976" classname="com.demo.TheInternetTesting"/>
  <testcase name="aBTesting" classname="com.demo.TheInternetTesting">
    <skipped/>
  </testcase> <!-- aBTesting -->
  <testcase name="dropDown" classname="com.demo.TheInternetTesting">
    <skipped/>
  </testcase> <!-- dropDown -->
  <testcase name="brokenImages" classname="com.demo.TheInternetTesting">
    <skipped/>
  </testcase> <!-- brokenImages -->
  <testcase name="addRemoveElements" classname="com.demo.TheInternetTesting">
    <skipped/>
  </testcase> <!-- addRemoveElements -->
  <testcase name="checkboxSelection" classname="com.demo.TheInternetTesting">
    <skipped/>
  </testcase> <!-- checkboxSelection -->
  <testcase name="contextMenu" classname="com.demo.TheInternetTesting">
    <skipped/>
  </testcase> <!-- contextMenu -->
</testsuite> <!-- com.demo.TheInternetTesting -->
