<?xml version="1.0" encoding="UTF-8"?>
<!-- Generated by org.testng.reporters.JUnitReportReporter -->
<testsuite skipped="0" hostname="megha-PC" name="com.demo.MyClass1" tests="1" failures="0" timestamp="10 Apr 2020 18:37:01 GMT" time="22.516" errors="0">
  <testcase name="launchBrowser" time="22.516" classname="com.demo.MyClass1"/>
</testsuite> <!-- com.demo.MyClass1 -->
