<?xml version="1.0" encoding="UTF-8"?>
<!-- Generated by org.testng.reporters.JUnitXMLReporter -->
<testsuite ignored="0" hostname="INAIRLT541053" failures="0" tests="1" name="Test-firefox" time="76.979" errors="0" timestamp="02 Nov 2020 13:57:07 GMT">
  <testcase classname="com.demo.TestNavCrossBrowser" name="launchDriver" time="76.946"/>
</testsuite> <!-- Test-firefox -->
