<?xml version="1.0" encoding="UTF-8"?>
<!-- Generated by org.testng.reporters.JUnitXMLReporter -->
<testsuite ignored="0" hostname="INAIRLT541053" failures="0" tests="1" name="Test-edge" time="10.051" errors="0" timestamp="02 Nov 2020 13:56:00 GMT">
  <testcase classname="com.demo.TestNavCrossBrowser" name="launchDriver" time="9.93"/>
</testsuite> <!-- Test-edge -->
