<?xml version="1.0" encoding="UTF-8"?>
<!-- Generated by org.testng.reporters.JUnitReportReporter -->
<testsuite skipped="0" hostname="megha-PC" name="com.demo.DynamicControls" tests="1" failures="0" timestamp="10 May 2020 12:05:17 GMT" time="23.917" errors="0">
  <testcase name="dynamicControlButtons" time="23.917" classname="com.demo.DynamicControls"/>
</testsuite> <!-- com.demo.DynamicControls -->
