<?xml version="1.0" encoding="UTF-8"?>
<!-- Generated by org.testng.reporters.JUnitReportReporter -->
<testsuite skipped="0" hostname="megha-PC" name="com.demo.SwitchWindows" tests="1" failures="0" timestamp="08 Apr 2020 20:16:03 GMT" time="11.344" errors="0">
  <testcase name="switchTabs" time="11.344" classname="com.demo.SwitchWindows"/>
</testsuite> <!-- com.demo.SwitchWindows -->
