<?xml version="1.0" encoding="UTF-8"?>
<!-- Generated by org.testng.reporters.JUnitReportReporter -->
<testsuite skipped="0" hostname="megha-PC" name="com.demo.HighlightElement" tests="1" failures="0" timestamp="06 Apr 2020 18:37:28 GMT" time="20.079" errors="0">
  <testcase name="highlightDemo" time="20.079" classname="com.demo.HighlightElement"/>
</testsuite> <!-- com.demo.HighlightElement -->
