<?xml version="1.0" encoding="UTF-8"?>
<!-- Generated by org.testng.reporters.JUnitReportReporter -->
<testsuite skipped="0" hostname="megha-PC" name="com.demo.NavigationCommands" tests="1" failures="0" timestamp="05 Apr 2020 14:24:00 GMT" time="17.406" errors="0">
  <testcase name="navigationButtons" time="17.406" classname="com.demo.NavigationCommands"/>
</testsuite> <!-- com.demo.NavigationCommands -->
