<?xml version="1.0" encoding="UTF-8"?>
<!-- Generated by org.testng.reporters.JUnitReportReporter -->
<testsuite skipped="0" hostname="megha-PC" name="com.demo.ControlSwitchDemo" tests="1" failures="0" timestamp="07 Apr 2020 18:29:29 GMT" time="36.887" errors="0">
  <testcase name="newTab" time="36.887" classname="com.demo.ControlSwitchDemo"/>
</testsuite> <!-- com.demo.ControlSwitchDemo -->
