<?xml version="1.0" encoding="UTF-8"?>
<!-- Generated by org.testng.reporters.JUnitReportReporter -->
<testsuite skipped="2" hostname="megha-PC" name="com.demo.SeleniumWaitCommands" tests="3" failures="0" timestamp="18 Apr 2020 18:50:55 GMT" time="42.619" errors="0">
  <testcase name="fluentWaitCommand" time="42.619" classname="com.demo.SeleniumWaitCommands"/>
  <testcase name="explicitWaitCommand" classname="com.demo.SeleniumWaitCommands">
    <skipped/>
  </testcase> <!-- explicitWaitCommand -->
  <testcase name="implicitWaitCommand" classname="com.demo.SeleniumWaitCommands">
    <skipped/>
  </testcase> <!-- implicitWaitCommand -->
</testsuite> <!-- com.demo.SeleniumWaitCommands -->
