<?xml version="1.0" encoding="UTF-8"?>
<!-- Generated by org.testng.reporters.JUnitReportReporter -->
<testsuite skipped="1" hostname="megha-PC" name="com.demo.BrowserBasedMethods" tests="2" failures="0" timestamp="05 Apr 2020 13:53:21 GMT" time="25.713" errors="0">
  <testcase name="verifyTitle" time="25.713" classname="com.demo.BrowserBasedMethods"/>
  <testcase name="browserMethods" classname="com.demo.BrowserBasedMethods">
    <skipped/>
  </testcase> <!-- browserMethods -->
</testsuite> <!-- com.demo.BrowserBasedMethods -->
