<?xml version="1.0" encoding="UTF-8"?>
<!-- Generated by org.testng.reporters.JUnitReportReporter -->
<testsuite skipped="0" hostname="megha-PC" name="com.demo.ScrollingDemo" tests="1" failures="0" timestamp="06 Apr 2020 19:26:04 GMT" time="12.485" errors="0">
  <testcase name="verticalScrolling" time="12.485" classname="com.demo.ScrollingDemo"/>
</testsuite> <!-- com.demo.ScrollingDemo -->
