<?xml version="1.0" encoding="UTF-8"?>
<!-- Generated by org.testng.reporters.JUnitReportReporter -->
<testsuite skipped="3" hostname="megha-PC" name="com.demo.ExcelOperations" tests="4" failures="0" timestamp="02 Jan 2021 11:53:30 GMT" time="2.280" errors="0">
  <testcase name="readExcelFromApachePOI" time="2.280" classname="com.demo.ExcelOperations"/>
  <testcase name="readExcelUsingJXL" classname="com.demo.ExcelOperations">
    <skipped/>
  </testcase> <!-- readExcelUsingJXL -->
  <testcase name="writeExcelFromApachePOI" classname="com.demo.ExcelOperations">
    <skipped/>
  </testcase> <!-- writeExcelFromApachePOI -->
  <testcase name="writeExcel" classname="com.demo.ExcelOperations">
    <skipped/>
  </testcase> <!-- writeExcel -->
</testsuite> <!-- com.demo.ExcelOperations -->
