<?xml version="1.0" encoding="UTF-8"?>
<!-- Generated by org.testng.reporters.JUnitReportReporter -->
<testsuite skipped="0" hostname="megha-PC" name="com.demo.Screenshot" tests="1" failures="0" timestamp="06 Apr 2020 18:13:15 GMT" time="19.827" errors="0">
  <testcase name="captureScreenshot" time="19.827" classname="com.demo.Screenshot"/>
</testsuite> <!-- com.demo.Screenshot -->
