<?xml version="1.0" encoding="UTF-8"?>
<!-- Generated by org.testng.reporters.JUnitReportReporter -->
<testsuite skipped="1" hostname="megha-PC" name="com.demo.KeyboardActions" tests="2" failures="0" timestamp="07 May 2020 21:08:17 GMT" time="8.792" errors="0">
  <testcase name="doubleAndRightClick" time="8.792" classname="com.demo.KeyboardActions"/>
  <testcase name="keyboardActionsDemo" classname="com.demo.KeyboardActions">
    <skipped/>
  </testcase> <!-- keyboardActionsDemo -->
</testsuite> <!-- com.demo.KeyboardActions -->
