<?xml version="1.0" encoding="UTF-8"?>
<!-- Generated by org.testng.reporters.JUnitReportReporter -->
<testsuite skipped="0" hostname="megha-PC" name="com.demo.WebElementsDemo" tests="1" failures="0" timestamp="18 Apr 2020 19:09:59 GMT" time="16.506" errors="0">
  <testcase name="launchBrowser" time="16.506" classname="com.demo.WebElementsDemo"/>
</testsuite> <!-- com.demo.WebElementsDemo -->
