<?xml version="1.0" encoding="UTF-8"?>
<!-- Generated by org.testng.reporters.JUnitReportReporter -->
<testsuite skipped="11" hostname="megha-PC" name="com.demo.InteractionWithElements" tests="12" failures="0" timestamp="04 Apr 2020 12:54:25 GMT" time="1.286" errors="0">
  <testcase name="interactionWithTables" time="1.286" classname="com.demo.InteractionWithElements"/>
  <testcase name="interactionWithUnorderedOrderedList" classname="com.demo.InteractionWithElements">
    <skipped/>
  </testcase> <!-- interactionWithUnorderedOrderedList -->
  <testcase name="interactionWithFrames" classname="com.demo.InteractionWithElements">
    <skipped/>
  </testcase> <!-- interactionWithFrames -->
  <testcase name="interactionWithCheckBoxElements" classname="com.demo.InteractionWithElements">
    <skipped/>
  </testcase> <!-- interactionWithCheckBoxElements -->
  <testcase name="interactionWithFileUpload" classname="com.demo.InteractionWithElements">
    <skipped/>
  </testcase> <!-- interactionWithFileUpload -->
  <testcase name="interactionWithLabels" classname="com.demo.InteractionWithElements">
    <skipped/>
  </testcase> <!-- interactionWithLabels -->
  <testcase name="interactionWithInputElements" classname="com.demo.InteractionWithElements">
    <skipped/>
  </testcase> <!-- interactionWithInputElements -->
  <testcase name="interactionWithAlertsAndPopups" classname="com.demo.InteractionWithElements">
    <skipped/>
  </testcase> <!-- interactionWithAlertsAndPopups -->
  <testcase name="interactionWithRadioElements" classname="com.demo.InteractionWithElements">
    <skipped/>
  </testcase> <!-- interactionWithRadioElements -->
  <testcase name="interactionWithImages" classname="com.demo.InteractionWithElements">
    <skipped/>
  </testcase> <!-- interactionWithImages -->
  <testcase name="interactionWithButtons" classname="com.demo.InteractionWithElements">
    <skipped/>
  </testcase> <!-- interactionWithButtons -->
  <testcase name="interactionWithDropdown" classname="com.demo.InteractionWithElements">
    <skipped/>
  </testcase> <!-- interactionWithDropdown -->
</testsuite> <!-- com.demo.InteractionWithElements -->
