<?xml version="1.0" encoding="UTF-8"?>
<!-- Generated by org.testng.reporters.JUnitReportReporter -->
<testsuite skipped="1" hostname="megha-PC" name="com.demo.XpathDemo" tests="2" failures="0" timestamp="25 Mar 2020 20:12:29 GMT" time="5.796" errors="0">
  <testcase name="findElementsByDriver" time="5.796" classname="com.demo.XpathDemo"/>
  <testcase name="findElementByDriver" classname="com.demo.XpathDemo">
    <skipped/>
  </testcase> <!-- findElementByDriver -->
</testsuite> <!-- com.demo.XpathDemo -->
