<?xml version="1.0" encoding="UTF-8"?>
<!-- Generated by org.testng.reporters.JUnitReportReporter -->
<testsuite skipped="0" hostname="megha-PC" name="com.demo.DriverDemo" tests="3" failures="0" timestamp="23 Mar 2020 19:12:29 GMT" time="97.758" errors="0">
  <testcase name="atYoutube" time="37.654" classname="com.demo.DriverDemo"/>
  <testcase name="aopenFacebook" time="36.642" classname="com.demo.DriverDemo"/>
  <testcase name="blaunchDriver" time="23.462" classname="com.demo.DriverDemo"/>
</testsuite> <!-- com.demo.DriverDemo -->
