<?xml version="1.0" encoding="UTF-8"?>
<!-- Generated by org.testng.reporters.JUnitReportReporter -->
<testsuite skipped="0" hostname="megha-PC" name="com.demo.TestNGParameters" tests="3" failures="0" timestamp="23 Mar 2020 19:12:29 GMT" time="74.762" errors="0">
  <testcase name="executeTestCase2" time="30.505" classname="com.demo.TestNGParameters"/>
  <testcase name="executeTestCase1" time="24.695" classname="com.demo.TestNGParameters"/>
  <testcase name="executeTestCase3" time="19.562" classname="com.demo.TestNGParameters"/>
</testsuite> <!-- com.demo.TestNGParameters -->
