<?xml version="1.0" encoding="UTF-8"?>
<!-- Generated by org.testng.reporters.JUnitReportReporter -->
<testsuite skipped="0" hostname="megha-PC" name="com.demo.TestNGParameters" tests="6" failures="0" timestamp="23 Mar 2020 18:57:34 GMT" time="64.541" errors="0">
  <testcase name="executeTestCase3" time="14.896" classname="com.demo.TestNGParameters"/>
  <testcase name="executeTestCase2" time="7.350" classname="com.demo.TestNGParameters"/>
  <testcase name="executeTestCase3" time="10.251" classname="com.demo.TestNGParameters"/>
  <testcase name="executeTestCase1" time="3.535" classname="com.demo.TestNGParameters"/>
  <testcase name="executeTestCase1" time="19.461" classname="com.demo.TestNGParameters"/>
  <testcase name="executeTestCase2" time="9.048" classname="com.demo.TestNGParameters"/>
</testsuite> <!-- com.demo.TestNGParameters -->
