<?xml version="1.0" encoding="UTF-8"?>
<!-- Generated by org.testng.reporters.JUnitReportReporter -->
<testsuite skipped="0" hostname="megha-PC" name="com.demo.DriverDemo" tests="2" failures="0" timestamp="23 Mar 2020 18:57:34 GMT" time="26.170" errors="0">
  <testcase name="blaunchDriver" time="9.011" classname="com.demo.DriverDemo"/>
  <testcase name="aopenFacebook" time="17.159" classname="com.demo.DriverDemo"/>
</testsuite> <!-- com.demo.DriverDemo -->
